<?xml version="1.0" encoding="UTF-8"?>
<!-- Generated by org.testng.reporters.JUnitReportReporter -->
<testsuite skipped="0" hostname="PC-P8" name="com.TestNG.Parametrization" tests="1" failures="0" timestamp="25 May 2022 16:35:26 GMT" time="4.747" errors="0">
  <testcase name="HRMLogin" time="4.747" classname="com.TestNG.Parametrization"/>
</testsuite> <!-- com.TestNG.Parametrization -->
