<?xml version="1.0" encoding="UTF-8"?>
<!-- Generated by org.testng.reporters.JUnitReportReporter -->
<testsuite skipped="0" hostname="PC-P8" name="com.TestNG.FruitsNonPriorityMethod" tests="5" failures="0" timestamp="20 May 2022 21:43:04 GMT" time="0.010" errors="0">
  <testcase name="apple" time="0.010" classname="com.TestNG.FruitsNonPriorityMethod"/>
  <testcase name="banana" time="0.000" classname="com.TestNG.FruitsNonPriorityMethod"/>
  <testcase name="orange" time="0.000" classname="com.TestNG.FruitsNonPriorityMethod"/>
  <testcase name="Carrot" time="0.000" classname="com.TestNG.FruitsNonPriorityMethod"/>
  <testcase name="grapes" time="0.000" classname="com.TestNG.FruitsNonPriorityMethod"/>
</testsuite> <!-- com.TestNG.FruitsNonPriorityMethod -->
