<?xml version="1.0" encoding="UTF-8"?>
<!-- Generated by org.testng.reporters.JUnitReportReporter -->
<testsuite skipped="0" hostname="PC-P8" name="com.TestNG.TestNGAnnotations" tests="1" failures="0" timestamp="20 May 2022 01:15:34 GMT" time="0.000" errors="0">
  <testcase name="nine" time="0.000" classname="com.TestNG.TestNGAnnotations"/>
</testsuite> <!-- com.TestNG.TestNGAnnotations -->
