<?xml version="1.0" encoding="UTF-8"?>
<!-- Generated by org.testng.reporters.JUnitReportReporter -->
<testsuite skipped="0" hostname="PC-P8" name="com.TestNG.NikePageTest" tests="1" failures="0" timestamp="28 May 2022 16:28:07 GMT" time="60.365" errors="0">
  <testcase name="NPL" time="60.365" classname="com.TestNG.NikePageTest"/>
</testsuite> <!-- com.TestNG.NikePageTest -->
