<?xml version="1.0" encoding="UTF-8"?>
<!-- Generated by org.testng.reporters.JUnitReportReporter -->
<testsuite skipped="0" hostname="PC-P8" name="com.TestNG.AmazonPageTest" tests="1" failures="0" timestamp="23 May 2022 16:22:02 GMT" time="7.076" errors="0">
  <testcase name="APL" time="7.076" classname="com.TestNG.AmazonPageTest"/>
</testsuite> <!-- com.TestNG.AmazonPageTest -->
