<?xml version="1.0" encoding="UTF-8"?>
<!-- Generated by org.testng.reporters.JUnitReportReporter -->
<testsuite skipped="0" hostname="PC-P8" name="com.TestNG.FacebookLoginPageTest" tests="1" failures="0" timestamp="23 May 2022 16:22:02 GMT" time="1.841" errors="0">
  <testcase name="FBLogin" time="1.841" classname="com.TestNG.FacebookLoginPageTest"/>
</testsuite> <!-- com.TestNG.FacebookLoginPageTest -->
