<?xml version="1.0" encoding="UTF-8"?>
<!-- Generated by org.testng.reporters.JUnitReportReporter -->
<testsuite skipped="0" hostname="PC-P8" name="com.TestNG.All.CharCharPageTest" tests="1" failures="0" timestamp="23 May 2022 16:59:47 GMT" time="2.439" errors="0">
  <testcase name="CCPT" time="2.439" classname="com.TestNG.All.CharCharPageTest"/>
</testsuite> <!-- com.TestNG.All.CharCharPageTest -->
