<?xml version="1.0" encoding="UTF-8"?>
<!-- Generated by org.testng.reporters.JUnitReportReporter -->
<testsuite skipped="0" hostname="PC-P8" name="com.TestNG.FruitsPriorityMethod" tests="5" failures="0" timestamp="20 May 2022 17:13:37 GMT" time="0.016" errors="0">
  <testcase name="apple" time="0.016" classname="com.TestNG.FruitsPriorityMethod"/>
  <testcase name="banana" time="0.000" classname="com.TestNG.FruitsPriorityMethod"/>
  <testcase name="grapes" time="0.000" classname="com.TestNG.FruitsPriorityMethod"/>
  <testcase name="orange" time="0.000" classname="com.TestNG.FruitsPriorityMethod"/>
  <testcase name="Carrot" time="0.000" classname="com.TestNG.FruitsPriorityMethod"/>
</testsuite> <!-- com.TestNG.FruitsPriorityMethod -->
