<?xml version="1.0" encoding="UTF-8"?>
<!-- Generated by org.testng.reporters.JUnitReportReporter -->
<testsuite skipped="0" hostname="PC-P8" name="com.TestNG.DataProviderTesting" tests="1" failures="0" timestamp="26 May 2022 15:19:30 GMT" time="18.132" errors="0">
  <testcase name="dpr" time="18.132" classname="com.TestNG.DataProviderTesting"/>
</testsuite> <!-- com.TestNG.DataProviderTesting -->
