<?xml version="1.0" encoding="UTF-8"?>
<!-- Generated by org.testng.reporters.JUnitReportReporter -->
<testsuite skipped="0" hostname="PC-P8" name="com.TestNG.JqueryPageTest" tests="1" failures="0" timestamp="28 May 2022 16:28:07 GMT" time="34.133" errors="0">
  <testcase name="JQPT" time="34.133" classname="com.TestNG.JqueryPageTest"/>
</testsuite> <!-- com.TestNG.JqueryPageTest -->
