<?xml version="1.0" encoding="UTF-8"?>
<!-- Generated by org.testng.reporters.JUnitReportReporter -->
<testsuite skipped="0" hostname="PC-P8" name="com.TestNG.All.JqueryPageTest" tests="1" failures="0" timestamp="28 May 2022 16:29:39 GMT" time="2.246" errors="0">
  <testcase name="JQPT" time="2.246" classname="com.TestNG.All.JqueryPageTest"/>
</testsuite> <!-- com.TestNG.All.JqueryPageTest -->
