<?xml version="1.0" encoding="UTF-8"?>
<!-- Generated by org.testng.reporters.JUnitReportReporter -->
<testsuite skipped="0" hostname="PC-P8" name="com.TestNG.All.IHGPageTest" tests="1" failures="0" timestamp="28 May 2022 16:29:39 GMT" time="4.498" errors="0">
  <testcase name="IHGPT" time="4.498" classname="com.TestNG.All.IHGPageTest"/>
</testsuite> <!-- com.TestNG.All.IHGPageTest -->
