<?xml version="1.0" encoding="UTF-8"?>
<!-- Generated by org.testng.reporters.JUnitReportReporter -->
<testsuite skipped="0" hostname="PC-P8" name="com.TestNG.All.MediPlusLoginPageTest" tests="1" failures="0" timestamp="30 May 2022 16:37:11 GMT" time="3.793" errors="0">
  <testcase name="MPLPT" time="3.793" classname="com.TestNG.All.MediPlusLoginPageTest"/>
</testsuite> <!-- com.TestNG.All.MediPlusLoginPageTest -->
