<?xml version="1.0" encoding="UTF-8"?>
<!-- Generated by org.testng.reporters.JUnitReportReporter -->
<testsuite skipped="0" hostname="PC-P8" name="com.TestNG.All.HRMLoginPageTest" tests="1" failures="0" timestamp="30 May 2022 16:37:11 GMT" time="2.807" errors="0">
  <testcase name="HRMLogin" time="2.807" classname="com.TestNG.All.HRMLoginPageTest"/>
</testsuite> <!-- com.TestNG.All.HRMLoginPageTest -->
